2025-03-21 10:40:07,622 INFO: 应用启动 [in c:\Users\Admin\Desktop\word_card_app\app.py:73]
2025-03-21 10:40:07,898 INFO: 应用启动 [in c:\Users\Admin\Desktop\word_card_app\app.py:73]
2025-03-21 10:40:47,557 INFO: 应用启动 [in c:\Users\Admin\Desktop\word_card_app\app.py:73]
2025-03-21 10:40:47,845 INFO: 应用启动 [in c:\Users\Admin\Desktop\word_card_app\app.py:73]
2025-03-21 10:41:51,381 INFO: 应用启动 [in c:\Users\Admin\Desktop\word_card_app\app.py:73]
2025-03-21 10:43:17,389 INFO: 应用启动 [in c:\Users\Admin\Desktop\word_card_app\app.py:90]
2025-03-21 10:43:17,681 INFO: 应用启动 [in c:\Users\Admin\Desktop\word_card_app\app.py:90]
2025-03-21 10:43:51,573 INFO: 成功上传内容: words - 20250321104351_ant.png [in c:\Users\Admin\Desktop\word_card_app\app.py:357]
2025-03-21 10:44:12,273 INFO: 应用启动 [in c:\Users\Admin\Desktop\word_card_app\app.py:90]
2025-03-21 10:46:15,174 INFO: 应用启动 [in c:\Users\Admin\Desktop\word_card_app\app.py:91]
2025-03-21 10:46:15,430 INFO: 应用启动 [in c:\Users\Admin\Desktop\word_card_app\app.py:91]
2025-03-21 10:47:39,383 INFO: 成功删除内容: ID 1 [in c:\Users\Admin\Desktop\word_card_app\app.py:293]
2025-03-21 10:50:31,550 INFO: 应用启动 [in c:\Users\Admin\Desktop\word_card_app\app.py:91]
2025-03-21 10:50:31,814 INFO: 应用启动 [in c:\Users\Admin\Desktop\word_card_app\app.py:91]
2025-03-21 10:52:28,270 INFO: 应用启动 [in c:\Users\Admin\Desktop\word_card_app\app.py:91]
2025-03-21 10:52:28,534 INFO: 应用启动 [in c:\Users\Admin\Desktop\word_card_app\app.py:91]
2025-03-21 10:54:40,108 INFO: 应用启动 [in c:\Users\Admin\Desktop\word_card_app\app.py:91]
2025-03-21 10:54:40,381 INFO: 应用启动 [in c:\Users\Admin\Desktop\word_card_app\app.py:91]
2025-03-21 10:56:10,180 INFO: 应用启动 [in c:\Users\Admin\Desktop\word_card_app\app.py:91]
2025-03-21 10:56:10,441 INFO: 应用启动 [in c:\Users\Admin\Desktop\word_card_app\app.py:91]
2025-03-21 10:58:09,352 INFO: 应用启动 [in c:\Users\Admin\Desktop\word_card_app\app.py:91]
2025-03-21 10:58:09,632 INFO: 应用启动 [in c:\Users\Admin\Desktop\word_card_app\app.py:91]
2025-03-21 10:59:27,564 INFO: 应用启动 [in c:\Users\Admin\Desktop\word_card_app\app.py:91]
2025-03-21 10:59:27,842 INFO: 应用启动 [in c:\Users\Admin\Desktop\word_card_app\app.py:91]
2025-03-21 11:02:47,829 INFO: 应用启动 [in c:\Users\Admin\Desktop\word_card_app\app.py:91]
2025-03-21 11:04:22,418 INFO: 应用启动 [in c:\Users\Admin\Desktop\word_card_app\app.py:91]
2025-03-21 11:04:40,768 INFO: 应用启动 [in c:\Users\Admin\Desktop\word_card_app\app.py:91]
2025-03-21 11:04:41,027 INFO: 应用启动 [in c:\Users\Admin\Desktop\word_card_app\app.py:91]
2025-03-21 11:04:45,621 INFO: 成功获取内容列表，共 0 条记录 [in c:\Users\Admin\Desktop\word_card_app\app.py:272]
2025-03-21 11:04:50,988 INFO: 成功获取内容列表，共 0 条记录 [in c:\Users\Admin\Desktop\word_card_app\app.py:272]
2025-03-21 11:06:22,675 INFO: 应用启动 [in c:\Users\Admin\Desktop\word_card_app\app.py:91]
2025-03-21 11:06:22,960 INFO: 应用启动 [in c:\Users\Admin\Desktop\word_card_app\app.py:91]
2025-03-21 11:06:28,114 INFO: 成功获取内容列表，共 0 条记录 [in c:\Users\Admin\Desktop\word_card_app\app.py:256]
2025-03-21 11:06:31,472 INFO: 成功获取内容列表，共 0 条记录 [in c:\Users\Admin\Desktop\word_card_app\app.py:256]
2025-03-21 11:06:34,183 INFO: 成功获取内容列表，共 0 条记录 [in c:\Users\Admin\Desktop\word_card_app\app.py:256]
2025-03-21 11:14:26,132 INFO: 应用启动 [in c:\Users\Admin\Desktop\word_card_app\app.py:91]
2025-03-21 11:14:26,394 INFO: 应用启动 [in c:\Users\Admin\Desktop\word_card_app\app.py:91]
2025-03-21 11:14:30,574 INFO: 成功获取内容列表，共 0 条记录 [in c:\Users\Admin\Desktop\word_card_app\app.py:256]
2025-03-21 11:16:27,107 INFO: 应用启动 [in c:\Users\Admin\Desktop\word_card_app\app.py:93]
2025-03-21 11:16:28,431 INFO: 应用启动 [in c:\Users\Admin\Desktop\word_card_app\app.py:93]
2025-03-21 11:20:27,587 INFO: 应用启动 [in c:\Users\Admin\Desktop\word_card_app\app.py:93]
2025-03-21 11:20:27,865 INFO: 应用启动 [in c:\Users\Admin\Desktop\word_card_app\app.py:93]
2025-03-21 11:20:30,377 INFO: 成功获取内容列表，共 0 条记录 [in c:\Users\Admin\Desktop\word_card_app\app.py:258]
2025-03-21 11:20:38,730 INFO: 成功获取内容列表，共 0 条记录 [in c:\Users\Admin\Desktop\word_card_app\app.py:258]
2025-03-21 11:21:00,431 INFO: 应用启动 [in c:\Users\Admin\Desktop\word_card_app\app.py:93]
2025-03-21 11:21:00,706 INFO: 应用启动 [in c:\Users\Admin\Desktop\word_card_app\app.py:93]
2025-03-21 11:21:06,123 INFO: 成功获取内容列表，共 0 条记录 [in c:\Users\Admin\Desktop\word_card_app\app.py:258]
2025-03-21 11:22:27,606 INFO: 应用启动 [in c:\Users\Admin\Desktop\word_card_app\app.py:93]
2025-03-21 11:22:27,879 INFO: 应用启动 [in c:\Users\Admin\Desktop\word_card_app\app.py:93]
2025-03-21 11:22:40,636 INFO: 成功获取内容列表，共 0 条记录 [in c:\Users\Admin\Desktop\word_card_app\app.py:258]
2025-03-21 11:22:45,904 INFO: 成功获取内容列表，共 0 条记录 [in c:\Users\Admin\Desktop\word_card_app\app.py:258]
2025-03-21 11:22:51,043 INFO: 成功获取内容列表，共 0 条记录 [in c:\Users\Admin\Desktop\word_card_app\app.py:258]
2025-03-21 11:22:57,345 INFO: 成功获取内容列表，共 0 条记录 [in c:\Users\Admin\Desktop\word_card_app\app.py:258]
2025-03-21 11:23:16,334 INFO: 成功上传内容: words - 20250321112316_ant.png [in c:\Users\Admin\Desktop\word_card_app\app.py:422]
2025-03-21 11:24:40,093 INFO: 成功上传内容: words - 20250321112440_giraffe.png [in c:\Users\Admin\Desktop\word_card_app\app.py:422]
2025-03-21 11:24:55,654 INFO: 应用启动 [in c:\Users\Admin\Desktop\word_card_app\app.py:93]
2025-03-21 11:24:58,154 INFO: 成功获取内容列表，共 2 条记录 [in c:\Users\Admin\Desktop\word_card_app\app.py:258]
2025-03-21 11:25:47,214 INFO: 应用启动 [in c:\Users\Admin\Desktop\word_card_app\app.py:93]
2025-03-21 11:26:07,653 INFO: 成功更新内容: ID 3 [in c:\Users\Admin\Desktop\word_card_app\app.py:652]
2025-03-21 11:26:08,664 INFO: 成功获取内容列表，共 2 条记录 [in c:\Users\Admin\Desktop\word_card_app\app.py:258]
2025-03-21 11:27:17,031 INFO: 成功获取内容列表，共 2 条记录 [in c:\Users\Admin\Desktop\word_card_app\app.py:258]
2025-03-21 11:27:57,599 INFO: 应用启动 [in c:\Users\Admin\Desktop\word_card_app\app.py:93]
2025-03-21 11:27:57,890 INFO: 应用启动 [in c:\Users\Admin\Desktop\word_card_app\app.py:93]
2025-03-21 11:28:11,698 INFO: 成功获取内容列表，共 2 条记录 [in c:\Users\Admin\Desktop\word_card_app\app.py:258]
2025-03-21 11:30:49,132 INFO: 应用启动 [in c:\Users\Admin\Desktop\word_card_app\app.py:96]
2025-03-21 11:31:00,597 INFO: 应用启动 [in c:\Users\Admin\Desktop\word_card_app\app.py:96]
2025-03-21 11:31:00,601 INFO: 创建字体目录: static\fonts [in c:\Users\Admin\Desktop\word_card_app\app.py:809]
2025-03-21 11:31:32,717 INFO: 应用启动 [in c:\Users\Admin\Desktop\word_card_app\app.py:96]
2025-03-21 11:31:33,090 INFO: 应用启动 [in c:\Users\Admin\Desktop\word_card_app\app.py:96]
2025-03-21 11:31:40,741 INFO: 成功获取内容列表，共 2 条记录 [in c:\Users\Admin\Desktop\word_card_app\app.py:261]
2025-03-21 11:33:46,730 INFO: 应用启动 [in c:\Users\Admin\Desktop\word_card_app\app.py:96]
2025-03-21 11:33:47,073 INFO: 应用启动 [in c:\Users\Admin\Desktop\word_card_app\app.py:96]
2025-03-21 11:38:55,267 INFO: 应用启动 [in c:\Users\Admin\Desktop\word_card_app\app.py:96]
2025-03-21 11:38:55,611 INFO: 应用启动 [in c:\Users\Admin\Desktop\word_card_app\app.py:96]
2025-03-21 11:39:31,530 WARNING: 字体文件不存在: static\fonts\simhei.ttf，使用默认字体 [in c:\Users\Admin\Desktop\word_card_app\app.py:848]
2025-03-21 11:39:31,564 INFO: 成功上传内容: university - generated_4c21ec0454324cfb91d629e96584f178.png [in c:\Users\Admin\Desktop\word_card_app\app.py:545]
2025-03-21 11:45:28,992 INFO: 应用启动 [in c:\Users\Admin\Desktop\word_card_app\app.py:96]
2025-03-21 11:45:29,372 INFO: 应用启动 [in c:\Users\Admin\Desktop\word_card_app\app.py:96]
2025-03-21 11:48:59,771 INFO: 应用启动 [in c:\Users\Admin\Desktop\word_card_app\app.py:96]
2025-03-21 11:49:00,139 INFO: 应用启动 [in c:\Users\Admin\Desktop\word_card_app\app.py:96]
2025-03-21 11:49:09,579 INFO: 应用启动 [in c:\Users\Admin\Desktop\word_card_app\app.py:96]
2025-03-21 11:52:16,061 INFO: 应用启动 [in c:\Users\Admin\Desktop\word_card_app\app.py:96]
2025-03-21 11:52:16,446 INFO: 应用启动 [in c:\Users\Admin\Desktop\word_card_app\app.py:96]
2025-03-21 11:52:23,463 INFO: 成功获取内容列表，共 3 条记录 [in c:\Users\Admin\Desktop\word_card_app\app.py:255]
2025-03-21 11:55:08,285 INFO: 应用启动 [in c:\Users\Admin\Desktop\word_card_app\app.py:96]
2025-03-21 11:55:08,701 INFO: 应用启动 [in c:\Users\Admin\Desktop\word_card_app\app.py:96]
2025-03-21 11:55:32,752 INFO: 收到预览请求: 文本长度=4, 样式=standard [in c:\Users\Admin\Desktop\word_card_app\app.py:778]
2025-03-21 11:55:32,755 WARNING: 指定字体不存在: c:\Users\Admin\Desktop\word_card_app\static\fonts\simsun.ttf，尝试系统字体 [in c:\Users\Admin\Desktop\word_card_app\app.py:855]
2025-03-21 11:55:32,777 INFO: 预览图片生成成功: /static/temp/preview_1742529332_40e12e20.png [in c:\Users\Admin\Desktop\word_card_app\app.py:803]
2025-03-21 11:56:57,518 INFO: 应用启动 [in c:\Users\Admin\Desktop\word_card_app\app.py:96]
2025-03-21 11:59:52,579 INFO: 应用启动 [in c:\Users\Admin\Desktop\word_card_app\app.py:96]
2025-03-21 11:59:52,959 INFO: 应用启动 [in c:\Users\Admin\Desktop\word_card_app\app.py:96]
2025-03-21 12:17:11,683 INFO: 应用启动 [in c:\Users\Admin\Desktop\word_card_app\app.py:96]
2025-03-21 12:17:12,093 INFO: 应用启动 [in c:\Users\Admin\Desktop\word_card_app\app.py:96]
2025-03-21 12:17:23,491 INFO: 收到预览请求: 文本长度=15, 样式=standard [in c:\Users\Admin\Desktop\word_card_app\app.py:778]
2025-03-21 12:17:23,492 WARNING: 指定字体不存在: c:\Users\Admin\Desktop\word_card_app\static\fonts\simsun.ttf，尝试系统字体 [in c:\Users\Admin\Desktop\word_card_app\app.py:855]
2025-03-21 12:17:23,525 INFO: 预览图片生成成功: /static/temp/preview_1742530643_97126a3e.png [in c:\Users\Admin\Desktop\word_card_app\app.py:803]
2025-03-21 12:17:51,150 INFO: 收到预览请求: 文本长度=15, 样式=standard [in c:\Users\Admin\Desktop\word_card_app\app.py:778]
2025-03-21 12:17:51,151 WARNING: 指定字体不存在: c:\Users\Admin\Desktop\word_card_app\static\fonts\simsun.ttf，尝试系统字体 [in c:\Users\Admin\Desktop\word_card_app\app.py:855]
2025-03-21 12:17:51,160 INFO: 预览图片生成成功: /static/temp/preview_1742530671_6ddc6655.png [in c:\Users\Admin\Desktop\word_card_app\app.py:803]
2025-03-21 13:23:30,441 INFO: 应用启动 [in c:\Users\Admin\Desktop\word_card_app\app.py:96]
2025-03-21 13:23:30,819 INFO: 应用启动 [in c:\Users\Admin\Desktop\word_card_app\app.py:96]
2025-03-21 13:23:45,449 INFO: 收到预览请求: 文本长度=15, 样式=standard [in c:\Users\Admin\Desktop\word_card_app\app.py:778]
2025-03-21 13:23:45,451 WARNING: 指定字体不存在: c:\Users\Admin\Desktop\word_card_app\static\fonts\simsun.ttf，尝试系统字体 [in c:\Users\Admin\Desktop\word_card_app\app.py:855]
2025-03-21 13:23:45,478 INFO: 预览图片生成成功: /static/temp/preview_1742534625_8573df2e.png [in c:\Users\Admin\Desktop\word_card_app\app.py:803]
2025-03-21 14:17:51,688 INFO: 应用启动 [in c:\Users\Admin\Desktop\word_card_app\app.py:96]
2025-03-21 14:41:55,911 INFO: 收到预览请求: 文本长度=15, 样式=standard [in c:\Users\Admin\Desktop\word_card_app\app.py:778]
2025-03-21 14:41:55,912 WARNING: 指定字体不存在: c:\Users\Admin\Desktop\word_card_app\static\fonts\simsun.ttf，尝试系统字体 [in c:\Users\Admin\Desktop\word_card_app\app.py:855]
2025-03-21 14:41:55,939 INFO: 预览图片生成成功: /static/temp/preview_1742539315_248c3832.png [in c:\Users\Admin\Desktop\word_card_app\app.py:803]
2025-03-21 14:42:36,353 INFO: 应用启动 [in c:\Users\Admin\Desktop\word_card_app\app.py:96]
2025-03-21 14:42:36,701 INFO: 应用启动 [in c:\Users\Admin\Desktop\word_card_app\app.py:96]
2025-03-21 14:48:40,591 INFO: 应用启动 [in c:\Users\Admin\Desktop\word_card_app\app.py:93]
2025-03-21 14:48:40,868 INFO: 应用启动 [in c:\Users\Admin\Desktop\word_card_app\app.py:93]
2025-03-21 14:48:49,154 INFO: 成功获取内容列表，共 3 条记录 [in c:\Users\Admin\Desktop\word_card_app\app.py:252]
2025-03-21 14:52:29,854 INFO: 应用启动 [in c:\Users\Admin\Desktop\word_card_app\app.py:93]
2025-03-21 14:52:30,127 INFO: 应用启动 [in c:\Users\Admin\Desktop\word_card_app\app.py:93]
2025-03-21 14:53:43,772 INFO: 应用启动 [in c:\Users\Admin\Desktop\word_card_app\app.py:93]
2025-03-21 14:53:44,031 INFO: 应用启动 [in c:\Users\Admin\Desktop\word_card_app\app.py:93]
2025-03-21 14:54:04,840 INFO: 成功获取内容列表，共 3 条记录 [in c:\Users\Admin\Desktop\word_card_app\app.py:252]
2025-03-21 14:54:07,737 INFO: 成功删除内容: ID 4 [in c:\Users\Admin\Desktop\word_card_app\app.py:337]
2025-03-21 14:54:07,741 INFO: 成功获取内容列表，共 2 条记录 [in c:\Users\Admin\Desktop\word_card_app\app.py:252]
2025-03-21 14:54:09,842 INFO: 成功获取内容列表，共 2 条记录 [in c:\Users\Admin\Desktop\word_card_app\app.py:252]
2025-03-21 14:54:15,144 INFO: 成功获取内容列表，共 2 条记录 [in c:\Users\Admin\Desktop\word_card_app\app.py:252]
2025-03-21 15:44:47,038 INFO: 成功获取内容列表，共 2 条记录 [in c:\Users\Admin\Desktop\word_card_app\app.py:252]
2025-03-21 15:44:49,161 INFO: 成功删除内容: ID 2 [in c:\Users\Admin\Desktop\word_card_app\app.py:337]
2025-03-21 15:44:49,166 INFO: 成功获取内容列表，共 1 条记录 [in c:\Users\Admin\Desktop\word_card_app\app.py:252]
2025-03-21 15:44:51,095 INFO: 成功删除内容: ID 3 [in c:\Users\Admin\Desktop\word_card_app\app.py:337]
2025-03-21 15:44:51,100 INFO: 成功获取内容列表，共 0 条记录 [in c:\Users\Admin\Desktop\word_card_app\app.py:252]
2025-03-21 15:44:51,927 INFO: 成功获取内容列表，共 0 条记录 [in c:\Users\Admin\Desktop\word_card_app\app.py:252]
2025-03-21 15:45:08,316 INFO: 已上传文件: c:\Users\Admin\Desktop\word_card_app\static\uploads/words\1742543108_66dff232.png [in c:\Users\Admin\Desktop\word_card_app\app.py:380]
2025-03-21 15:45:08,317 ERROR: 上传处理错误: '_GeneratorContextManager' object has no attribute 'cursor' [in c:\Users\Admin\Desktop\word_card_app\app.py:405]
2025-03-21 15:45:15,553 INFO: 成功获取内容列表，共 0 条记录 [in c:\Users\Admin\Desktop\word_card_app\app.py:252]
2025-03-21 15:48:33,108 INFO: 应用启动 [in c:\Users\Admin\Desktop\word_card_app\app.py:93]
2025-03-21 15:48:33,386 INFO: 应用启动 [in c:\Users\Admin\Desktop\word_card_app\app.py:93]
2025-03-21 15:48:43,557 INFO: 成功获取内容列表，共 0 条记录 [in c:\Users\Admin\Desktop\word_card_app\app.py:267]
2025-03-21 15:49:03,704 INFO: 已上传内容图片: c:\Users\Admin\Desktop\word_card_app\static\uploads/words\1742543343_5ad184ff_content.png [in c:\Users\Admin\Desktop\word_card_app\app.py:396]
2025-03-21 15:49:03,730 INFO: 已上传例句图片: c:\Users\Admin\Desktop\word_card_app\static\uploads/words\1742543343_5ad184ff_example.png [in c:\Users\Admin\Desktop\word_card_app\app.py:428]
2025-03-21 15:49:03,730 ERROR: 上传处理错误: '_GeneratorContextManager' object has no attribute 'cursor' [in c:\Users\Admin\Desktop\word_card_app\app.py:479]
2025-03-21 15:49:07,288 INFO: 成功获取内容列表，共 0 条记录 [in c:\Users\Admin\Desktop\word_card_app\app.py:267]
2025-03-21 15:49:46,989 INFO: 应用启动 [in c:\Users\Admin\Desktop\word_card_app\app.py:93]
2025-03-21 15:49:56,251 INFO: 应用启动 [in c:\Users\Admin\Desktop\word_card_app\app.py:93]
2025-03-21 15:50:04,980 INFO: 应用启动 [in c:\Users\Admin\Desktop\word_card_app\app.py:93]
2025-03-21 15:50:27,810 INFO: 应用启动 [in c:\Users\Admin\Desktop\word_card_app\app.py:93]
2025-03-21 15:52:12,770 INFO: 应用启动 [in c:\Users\Admin\Desktop\word_card_app\app.py:88]
2025-03-21 15:52:13,031 INFO: 应用启动 [in c:\Users\Admin\Desktop\word_card_app\app.py:88]
2025-03-21 15:53:01,543 INFO: 已上传内容图片: c:\Users\Admin\Desktop\word_card_app\static\uploads/words\1742543581_a5b750ad_content.png [in c:\Users\Admin\Desktop\word_card_app\app.py:392]
2025-03-21 15:53:01,568 INFO: 已上传例句图片: c:\Users\Admin\Desktop\word_card_app\static\uploads/words\1742543581_a5b750ad_example.png [in c:\Users\Admin\Desktop\word_card_app\app.py:424]
2025-03-21 15:53:01,573 INFO: 记录已添加到数据库 contents 表: words, uploads/words/1742543581_a5b750ad_content.png [in c:\Users\Admin\Desktop\word_card_app\app.py:465]
2025-03-21 15:53:01,579 INFO: 成功获取内容列表，共 1 条记录 [in c:\Users\Admin\Desktop\word_card_app\app.py:263]
2025-03-21 15:53:09,283 INFO: 成功删除内容: ID 1 [in c:\Users\Admin\Desktop\word_card_app\app.py:348]
2025-03-21 15:53:09,291 INFO: 成功获取内容列表，共 0 条记录 [in c:\Users\Admin\Desktop\word_card_app\app.py:263]
2025-03-21 15:53:22,565 INFO: 已上传内容图片: c:\Users\Admin\Desktop\word_card_app\static\uploads/words\1742543602_d00c48e8_content.png [in c:\Users\Admin\Desktop\word_card_app\app.py:392]
2025-03-21 15:53:22,590 INFO: 已上传例句图片: c:\Users\Admin\Desktop\word_card_app\static\uploads/words\1742543602_d00c48e8_example.png [in c:\Users\Admin\Desktop\word_card_app\app.py:424]
2025-03-21 15:53:22,594 INFO: 记录已添加到数据库 contents 表: words, uploads/words/1742543602_d00c48e8_content.png [in c:\Users\Admin\Desktop\word_card_app\app.py:465]
2025-03-21 15:53:22,600 INFO: 成功获取内容列表，共 1 条记录 [in c:\Users\Admin\Desktop\word_card_app\app.py:263]
2025-03-21 15:54:11,815 INFO: 应用启动 [in c:\Users\Admin\Desktop\word_card_app\app.py:88]
2025-03-21 15:54:28,173 INFO: 应用启动 [in c:\Users\Admin\Desktop\word_card_app\app.py:88]
2025-03-21 15:54:39,511 INFO: 应用启动 [in c:\Users\Admin\Desktop\word_card_app\app.py:88]
2025-03-21 15:54:57,906 INFO: 应用启动 [in c:\Users\Admin\Desktop\word_card_app\app.py:88]
2025-03-21 15:55:21,285 INFO: 应用启动 [in c:\Users\Admin\Desktop\word_card_app\app.py:88]
2025-03-21 15:55:22,595 INFO: 应用启动 [in c:\Users\Admin\Desktop\word_card_app\app.py:88]
2025-03-21 15:55:41,960 INFO: 应用启动 [in c:\Users\Admin\Desktop\word_card_app\app.py:88]
2025-03-21 15:55:42,233 INFO: 应用启动 [in c:\Users\Admin\Desktop\word_card_app\app.py:88]
2025-03-21 15:55:53,271 INFO: 成功获取内容列表，共 1 条记录 [in c:\Users\Admin\Desktop\word_card_app\app.py:263]
2025-03-21 15:55:55,617 INFO: 成功删除内容: ID 1 [in c:\Users\Admin\Desktop\word_card_app\app.py:348]
2025-03-21 15:55:55,625 INFO: 成功获取内容列表，共 0 条记录 [in c:\Users\Admin\Desktop\word_card_app\app.py:263]
2025-03-21 15:56:11,670 INFO: 已上传内容图片: c:\Users\Admin\Desktop\word_card_app\static\uploads/words\1742543771_0cc9d5d8_content.png [in c:\Users\Admin\Desktop\word_card_app\app.py:392]
2025-03-21 15:56:11,696 INFO: 已上传例句图片: c:\Users\Admin\Desktop\word_card_app\static\uploads/words\1742543771_0cc9d5d8_example.png [in c:\Users\Admin\Desktop\word_card_app\app.py:426]
2025-03-21 15:56:11,702 INFO: 记录已添加到数据库 contents 表: words, words/1742543771_0cc9d5d8_content.png [in c:\Users\Admin\Desktop\word_card_app\app.py:469]
2025-03-21 15:56:11,707 INFO: 成功获取内容列表，共 1 条记录 [in c:\Users\Admin\Desktop\word_card_app\app.py:263]
2025-03-21 16:02:51,049 INFO: 应用启动 [in c:\Users\Admin\Desktop\word_card_app\app.py:88]
2025-03-21 16:02:51,305 INFO: 应用启动 [in c:\Users\Admin\Desktop\word_card_app\app.py:88]
